Start testing: Jun 23 11:25 UTC
----------------------------------------------------------
1/3 Testing: et-test
1/3 Test: et-test
Command: "/home/etombea/BencmarkingTool/build/eric-test/eric-test/test/et-test"
Directory: /home/etombea/BencmarkingTool/build/eric-test/eric-test/test
"et-test" start time: Jun 23 11:25 UTC
Output:
----------------------------------------------------------
> Seed 0x13234294
> Starting execution of 1 test cases
 - et.asserts     PASS (0.00ms)

> Test case execution complete! (total=0.00ms, min=0.00ms, max=0.00ms, avg=0.00ms, stdev=0.00ms)
    Passed:   1
    Failed:   0
    Skipped:  0
    Disabled: 0
    WIP:      0
    Not run:  0
    Executed: 1

    Verdict: PASS
<end of output>
Test time =   0.02 sec
----------------------------------------------------------
Test Passed.
"et-test" end time: Jun 23 11:25 UTC
"et-test" time elapsed: 00:00:00
----------------------------------------------------------

2/3 Testing: eb-test
2/3 Test: eb-test
Command: "/home/etombea/BencmarkingTool/build/eric-test/eric-test/test/eb-test"
Directory: /home/etombea/BencmarkingTool/build/eric-test/eric-test/test
"eb-test" start time: Jun 23 11:25 UTC
Output:
----------------------------------------------------------
> Seed 0x10234294
> Starting execution of 2 test cases
 - .do_not_optimize     PASS (0.00ms)
 - .flush_memory        PASS (0.00ms)

> Test case execution complete! (total=0.00ms, min=0.00ms, max=0.00ms, avg=0.00ms, stdev=0.00ms)
    Passed:   2
    Failed:   0
    Skipped:  0
    Disabled: 0
    WIP:      0
    Not run:  0
    Executed: 2

    Verdict: PASS
<end of output>
Test time =   0.02 sec
----------------------------------------------------------
Test Passed.
"eb-test" end time: Jun 23 11:25 UTC
"eb-test" time elapsed: 00:00:00
----------------------------------------------------------

3/3 Testing: function_test_suite
3/3 Test: function_test_suite
Command: "/home/etombea/BencmarkingTool/build/test/function_test_suite" "--xml" "function_test_suite.xml"
Directory: /home/etombea/BencmarkingTool/build/test
"function_test_suite" start time: Jun 23 11:25 UTC
Output:
----------------------------------------------------------
> Seed 0x11234294
> Starting execution of 12 test cases
 - .check_parameters               PASS (0.01ms)
 - .make_key_test                  PASS (0.00ms)
 - .hash_code                      PASS (0.00ms)
 - .search_bs_false                PASS (0.00ms)
 - .int_foo                        PASS (0.00ms)
 - .write_to_fifo                  PASS (0.01ms)
 - .generate_and_write_to_fifo     PASS (0.01ms)
 - .find_duplicate                 PASS (0.00ms)
 - .lcm_gcd                        PASS (0.00ms)
 - .get_parameters                 PASS (0.00ms)
 - .int_generate                   PASS (0.00ms)
 - .read_configuration             PASS (0.01ms)

> Test case execution complete! (total=0.05ms, min=0.00ms, max=0.01ms, avg=0.00ms, stdev=0.00ms)
    Passed:   12
    Failed:   0
    Skipped:  0
    Disabled: 0
    WIP:      0
    Not run:  0
    Executed: 12

    Verdict: PASS
<end of output>
Test time =   0.07 sec
----------------------------------------------------------
Test Passed.
"function_test_suite" end time: Jun 23 11:25 UTC
"function_test_suite" time elapsed: 00:00:00
----------------------------------------------------------

End testing: Jun 23 11:25 UTC
