<?xml version="1.0" encoding="UTF-8"?>
<testsuites name="test" tests="12" failures="0" errors="0" time="0.000" disabled="0">
	<testsuite name="" tests="12" failures="0" errors="0" time="0.000" disabled="0">
		<testcase status="PASS" time="0.000" name="check_parameters" />
		<testcase status="PASS" time="0.000" name="find_duplicate" />
		<testcase status="PASS" time="0.000" name="generate_and_write_to_fifo" />
		<testcase status="PASS" time="0.000" name="get_parameters" />
		<testcase status="PASS" time="0.000" name="hash_code" />
		<testcase status="PASS" time="0.000" name="int_foo" />
		<testcase status="PASS" time="0.000" name="int_generate" />
		<testcase status="PASS" time="0.000" name="lcm_gcd" />
		<testcase status="PASS" time="0.000" name="make_key_test" />
		<testcase status="PASS" time="0.000" name="read_configuration" />
		<testcase status="PASS" time="0.000" name="search_bs_false" />
		<testcase status="PASS" time="0.000" name="write_to_fifo" />
	</testsuite>
</testsuites>
